<?xml version="1.0" encoding="UTF-8"?>
<testsuite xmlns:xsi="http://www.w3.org/2001/XMLSchema-instance" xsi:noNamespaceSchemaLocation="https://maven.apache.org/surefire/maven-surefire-plugin/xsd/surefire-test-report-3.0.xsd" version="3.0" name="com.example.model.GraphTest" time="0.068" tests="3" errors="0" skipped="0" failures="0">
  <properties>
    <property name="java.specification.version" value="24"/>
    <property name="sun.jnu.encoding" value="UTF-8"/>
    <property name="java.class.path" value="/Users/conorcunningham/Desktop/Pers/pers proj/metro_system_app/target/test-classes:/Users/conorcunningham/Desktop/Pers/pers proj/metro_system_app/target/classes:/Users/conorcunningham/.m2/repository/org/openjfx/javafx-controls/17.0.6/javafx-controls-17.0.6.jar:/Users/conorcunningham/.m2/repository/org/openjfx/javafx-controls/17.0.6/javafx-controls-17.0.6-mac.jar:/Users/conorcunningham/.m2/repository/org/openjfx/javafx-graphics/17.0.6/javafx-graphics-17.0.6.jar:/Users/conorcunningham/.m2/repository/org/openjfx/javafx-graphics/17.0.6/javafx-graphics-17.0.6-mac.jar:/Users/conorcunningham/.m2/repository/org/openjfx/javafx-base/17.0.6/javafx-base-17.0.6.jar:/Users/conorcunningham/.m2/repository/org/openjfx/javafx-base/17.0.6/javafx-base-17.0.6-mac.jar:/Users/conorcunningham/.m2/repository/org/openjfx/javafx-fxml/17.0.6/javafx-fxml-17.0.6.jar:/Users/conorcunningham/.m2/repository/org/openjfx/javafx-fxml/17.0.6/javafx-fxml-17.0.6-mac.jar:/Users/conorcunningham/.m2/repository/org/junit/jupiter/junit-jupiter-api/5.10.2/junit-jupiter-api-5.10.2.jar:/Users/conorcunningham/.m2/repository/org/opentest4j/opentest4j/1.3.0/opentest4j-1.3.0.jar:/Users/conorcunningham/.m2/repository/org/junit/platform/junit-platform-commons/1.10.2/junit-platform-commons-1.10.2.jar:/Users/conorcunningham/.m2/repository/org/apiguardian/apiguardian-api/1.1.2/apiguardian-api-1.1.2.jar:/Users/conorcunningham/.m2/repository/org/junit/jupiter/junit-jupiter-engine/5.10.2/junit-jupiter-engine-5.10.2.jar:/Users/conorcunningham/.m2/repository/org/junit/platform/junit-platform-engine/1.10.2/junit-platform-engine-1.10.2.jar:/Users/conorcunningham/.m2/repository/org/openjdk/jmh/jmh-core/1.37/jmh-core-1.37.jar:/Users/conorcunningham/.m2/repository/net/sf/jopt-simple/jopt-simple/5.0.4/jopt-simple-5.0.4.jar:/Users/conorcunningham/.m2/repository/org/apache/commons/commons-math3/3.6.1/commons-math3-3.6.1.jar:/Users/conorcunningham/.m2/repository/org/openjdk/jmh/jmh-generator-annprocess/1.37/jmh-generator-annprocess-1.37.jar:"/>
    <property name="java.vm.vendor" value="Oracle Corporation"/>
    <property name="sun.arch.data.model" value="64"/>
    <property name="java.vendor.url" value="https://java.oracle.com/"/>
    <property name="os.name" value="Mac OS X"/>
    <property name="java.vm.specification.version" value="24"/>
    <property name="sun.java.launcher" value="SUN_STANDARD"/>
    <property name="user.country" value="IE"/>
    <property name="sun.boot.library.path" value="/Users/conorcunningham/Library/Java/JavaVirtualMachines/openjdk-24.0.1/Contents/Home/lib"/>
    <property name="sun.java.command" value="/Users/conorcunningham/Desktop/Pers/pers proj/metro_system_app/target/surefire/surefirebooter-20250506122804937_3.jar /Users/conorcunningham/Desktop/Pers/pers proj/metro_system_app/target/surefire 2025-05-06T12-28-04_835-jvmRun1 surefire-20250506122804937_1tmp surefire_0-20250506122804937_2tmp"/>
    <property name="http.nonProxyHosts" value="local|*.local|169.254/16|*.169.254/16"/>
    <property name="jdk.debug" value="release"/>
    <property name="surefire.test.class.path" value="/Users/conorcunningham/Desktop/Pers/pers proj/metro_system_app/target/test-classes:/Users/conorcunningham/Desktop/Pers/pers proj/metro_system_app/target/classes:/Users/conorcunningham/.m2/repository/org/openjfx/javafx-controls/17.0.6/javafx-controls-17.0.6.jar:/Users/conorcunningham/.m2/repository/org/openjfx/javafx-controls/17.0.6/javafx-controls-17.0.6-mac.jar:/Users/conorcunningham/.m2/repository/org/openjfx/javafx-graphics/17.0.6/javafx-graphics-17.0.6.jar:/Users/conorcunningham/.m2/repository/org/openjfx/javafx-graphics/17.0.6/javafx-graphics-17.0.6-mac.jar:/Users/conorcunningham/.m2/repository/org/openjfx/javafx-base/17.0.6/javafx-base-17.0.6.jar:/Users/conorcunningham/.m2/repository/org/openjfx/javafx-base/17.0.6/javafx-base-17.0.6-mac.jar:/Users/conorcunningham/.m2/repository/org/openjfx/javafx-fxml/17.0.6/javafx-fxml-17.0.6.jar:/Users/conorcunningham/.m2/repository/org/openjfx/javafx-fxml/17.0.6/javafx-fxml-17.0.6-mac.jar:/Users/conorcunningham/.m2/repository/org/junit/jupiter/junit-jupiter-api/5.10.2/junit-jupiter-api-5.10.2.jar:/Users/conorcunningham/.m2/repository/org/opentest4j/opentest4j/1.3.0/opentest4j-1.3.0.jar:/Users/conorcunningham/.m2/repository/org/junit/platform/junit-platform-commons/1.10.2/junit-platform-commons-1.10.2.jar:/Users/conorcunningham/.m2/repository/org/apiguardian/apiguardian-api/1.1.2/apiguardian-api-1.1.2.jar:/Users/conorcunningham/.m2/repository/org/junit/jupiter/junit-jupiter-engine/5.10.2/junit-jupiter-engine-5.10.2.jar:/Users/conorcunningham/.m2/repository/org/junit/platform/junit-platform-engine/1.10.2/junit-platform-engine-1.10.2.jar:/Users/conorcunningham/.m2/repository/org/openjdk/jmh/jmh-core/1.37/jmh-core-1.37.jar:/Users/conorcunningham/.m2/repository/net/sf/jopt-simple/jopt-simple/5.0.4/jopt-simple-5.0.4.jar:/Users/conorcunningham/.m2/repository/org/apache/commons/commons-math3/3.6.1/commons-math3-3.6.1.jar:/Users/conorcunningham/.m2/repository/org/openjdk/jmh/jmh-generator-annprocess/1.37/jmh-generator-annprocess-1.37.jar:"/>
    <property name="sun.cpu.endian" value="little"/>
    <property name="user.home" value="/Users/conorcunningham"/>
    <property name="user.language" value="en"/>
    <property name="java.specification.vendor" value="Oracle Corporation"/>
    <property name="java.version.date" value="2025-04-15"/>
    <property name="java.home" value="/Users/conorcunningham/Library/Java/JavaVirtualMachines/openjdk-24.0.1/Contents/Home"/>
    <property name="file.separator" value="/"/>
    <property name="basedir" value="/Users/conorcunningham/Desktop/Pers/pers proj/metro_system_app"/>
    <property name="java.vm.compressedOopsMode" value="Zero based"/>
    <property name="line.separator" value="&#10;"/>
    <property name="java.vm.specification.vendor" value="Oracle Corporation"/>
    <property name="java.specification.name" value="Java Platform API Specification"/>
    <property name="apple.awt.application.name" value="ForkedBooter"/>
    <property name="surefire.real.class.path" value="/Users/conorcunningham/Desktop/Pers/pers proj/metro_system_app/target/surefire/surefirebooter-20250506122804937_3.jar"/>
    <property name="sun.management.compiler" value="HotSpot 64-Bit Tiered Compilers"/>
    <property name="ftp.nonProxyHosts" value="local|*.local|169.254/16|*.169.254/16"/>
    <property name="java.runtime.version" value="24.0.1+9-30"/>
    <property name="user.name" value="conorcunningham"/>
    <property name="stdout.encoding" value="UTF-8"/>
    <property name="path.separator" value=":"/>
    <property name="os.version" value="15.4.1"/>
    <property name="java.runtime.name" value="OpenJDK Runtime Environment"/>
    <property name="file.encoding" value="UTF-8"/>
    <property name="java.vm.name" value="OpenJDK 64-Bit Server VM"/>
    <property name="localRepository" value="/Users/conorcunningham/.m2/repository"/>
    <property name="java.vendor.url.bug" value="https://bugreport.java.com/bugreport/"/>
    <property name="java.io.tmpdir" value="/var/folders/74/n000f3wd3_lbffhb3__yy4ch0000gn/T/"/>
    <property name="java.version" value="24.0.1"/>
    <property name="user.dir" value="/Users/conorcunningham/Desktop/Pers/pers proj/metro_system_app"/>
    <property name="os.arch" value="x86_64"/>
    <property name="java.vm.specification.name" value="Java Virtual Machine Specification"/>
    <property name="native.encoding" value="UTF-8"/>
    <property name="java.library.path" value="/Users/conorcunningham/Library/Java/Extensions:/Library/Java/Extensions:/Network/Library/Java/Extensions:/System/Library/Java/Extensions:/usr/lib/java:."/>
    <property name="java.vm.info" value="mixed mode, sharing"/>
    <property name="stderr.encoding" value="UTF-8"/>
    <property name="java.vendor" value="Oracle Corporation"/>
    <property name="java.vm.version" value="24.0.1+9-30"/>
    <property name="sun.io.unicode.encoding" value="UnicodeBig"/>
    <property name="socksNonProxyHosts" value="local|*.local|169.254/16|*.169.254/16"/>
    <property name="java.class.version" value="68.0"/>
  </properties>
  <testcase name="getOrCreateStation" classname="com.example.model.GraphTest" time="0.034"/>
  <testcase name="get" classname="com.example.model.GraphTest" time="0.001"/>
  <testcase name="connectStations" classname="com.example.model.GraphTest" time="0.002"/>
</testsuite>